Dr. Watson's summary list of Sherlock Holmes's strengths and weaknesses: (1,72)
 (2,0)
1. Knowledge of Literature: Nil. (3,32)
2. Knowledge of Philosophy: Nil. (4,32)
3. Knowledge of Astronomy: Nil. (5,31)
4. Knowledge of Politics: Feeble. (6,33)
5. Knowledge of Botany: Variable. Well up in belladonna, opium, and poisons (7,75)
generally. Knows nothing of practical gardening. (8,48)
6. Knowledge of Geology: Practical but limited. Tells at a glance different (9,75)
soils from each other. After walks has shown me splashes upon his trousers, (10,75)
and told me by their colour and consistence in what part of London he had (11,73)
received them. (12,14)
7. Knowledge of Chemistry: Profound. (13,36)
8. Knowledge of Anatomy: Accurate but unsystematic. (14,51)
9. Knowledge of Sensational Literature: Immense. He appears to know every (15,73)
detail of every horror perpetrated in the century. (16,50)
10. Plays the violin well. (17,26)
11. Is an expert singlestick player, boxer, and swordsman. (18,58)
12. Has a good practical knowledge of British law. (19,50)

There are 904 characters, 144 words, 19 lines
